<?xml version="1.0" encoding="UTF-8"?>
<!-- Generated by org.testng.reporters.JUnitReportReporter -->
<testsuite skipped="0" hostname="DS-PC01W4HA" name="testngtest.CaseOne" tests="4" failures="0" timestamp="4 Oct 2019 06:47:47 GMT" time="0.033" errors="0">
  <testcase name="method2" time="0.002" classname="testngtest.CaseOne"/>
  <testcase name="method1" time="0.028" classname="testngtest.CaseOne"/>
  <testcase name="method3" time="0.002" classname="testngtest.CaseOne"/>
  <testcase name="method4" time="0.001" classname="testngtest.CaseOne"/>
</testsuite> <!-- testngtest.CaseOne -->
