<?xml version="1.0" encoding="UTF-8"?>
<!-- Generated by org.testng.reporters.JUnitReportReporter -->
<testsuite skipped="0" hostname="DS-PC01W4HA" name="testngtest.CaseTwo" tests="4" failures="0" timestamp="17 May 2019 07:16:14 GMT" time="0.011" errors="0">
  <testcase name="method6" time="0.003" classname="testngtest.CaseTwo"/>
  <testcase name="method7" time="0.002" classname="testngtest.CaseTwo"/>
  <testcase name="method5" time="0.002" classname="testngtest.CaseTwo"/>
  <testcase name="method8" time="0.004" classname="testngtest.CaseTwo"/>
</testsuite> <!-- testngtest.CaseTwo -->
