<?xml version="1.0" encoding="UTF-8"?>
<!-- Generated by org.testng.reporters.JUnitReportReporter -->
<testsuite skipped="0" hostname="DS-PC01W4HA" name="testngtest.CaseOne" tests="2" failures="0" timestamp="17 May 2019 07:16:14 GMT" time="0.018" errors="0">
  <testcase name="method4" time="0.003" classname="testngtest.CaseOne"/>
  <testcase name="method2" time="0.015" classname="testngtest.CaseOne"/>
</testsuite> <!-- testngtest.CaseOne -->
